{"/workspace/app.js": {"path":"/workspace/app.js","statementMap":{"0":{"start":{"line":1,"column":16},"end":{"line":1,"column":34}},"1":{"start":{"line":2,"column":12},"end":{"line":2,"column":40}},"2":{"start":{"line":4,"column":24},"end":{"line":4,"column":59}},"3":{"start":{"line":5,"column":24},"end":{"line":5,"column":59}},"4":{"start":{"line":6,"column":21},"end":{"line":6,"column":53}},"5":{"start":{"line":7,"column":24},"end":{"line":7,"column":59}},"6":{"start":{"line":8,"column":30},"end":{"line":8,"column":71}},"7":{"start":{"line":9,"column":21},"end":{"line":9,"column":53}},"8":{"start":{"line":11,"column":12},"end":{"line":11,"column":21}},"9":{"start":{"line":13,"column":0},"end":{"line":13,"column":13}},"10":{"start":{"line":14,"column":0},"end":{"line":14,"column":24}},"11":{"start":{"line":15,"column":0},"end":{"line":15,"column":38}},"12":{"start":{"line":16,"column":0},"end":{"line":16,"column":38}},"13":{"start":{"line":17,"column":0},"end":{"line":17,"column":32}},"14":{"start":{"line":18,"column":0},"end":{"line":18,"column":38}},"15":{"start":{"line":19,"column":0},"end":{"line":19,"column":50}},"16":{"start":{"line":20,"column":0},"end":{"line":20,"column":32}},"17":{"start":{"line":22,"column":0},"end":{"line":22,"column":21}}},"fnMap":{},"branchMap":{},"s":{"0":2,"1":2,"2":2,"3":2,"4":2,"5":2,"6":2,"7":2,"8":2,"9":2,"10":2,"11":2,"12":2,"13":2,"14":2,"15":2,"16":2,"17":2},"f":{},"b":{},"_coverageSchema":"1a1c01bbd47fc00a2c39e90264f33305004495a9","hash":"53bad99b0e3788d890286bb72a89b60e00f84bbe"}
,"/workspace/config/associations.js": {"path":"/workspace/config/associations.js","statementMap":{"0":{"start":{"line":1,"column":23},"end":{"line":68,"column":1}},"1":{"start":{"line":10,"column":8},"end":{"line":10,"column":24}},"2":{"start":{"line":12,"column":4},"end":{"line":18,"column":6}},"3":{"start":{"line":20,"column":4},"end":{"line":26,"column":6}},"4":{"start":{"line":28,"column":4},"end":{"line":34,"column":6}},"5":{"start":{"line":36,"column":4},"end":{"line":42,"column":6}},"6":{"start":{"line":44,"column":4},"end":{"line":50,"column":6}},"7":{"start":{"line":52,"column":4},"end":{"line":58,"column":6}},"8":{"start":{"line":60,"column":4},"end":{"line":66,"column":6}},"9":{"start":{"line":70,"column":0},"end":{"line":70,"column":35}}},"fnMap":{"0":{"name":"(anonymous_0)","decl":{"start":{"line":1,"column":23},"end":{"line":1,"column":24}},"loc":{"start":{"line":1,"column":38},"end":{"line":68,"column":1}},"line":1}},"branchMap":{},"s":{"0":6,"1":6,"2":6,"3":6,"4":6,"5":6,"6":6,"7":6,"8":6,"9":6},"f":{"0":6},"b":{},"_coverageSchema":"1a1c01bbd47fc00a2c39e90264f33305004495a9","hash":"1833574b6901fdd7d4536e13bc86f3585f331d94"}
,"/workspace/config/db-config.js": {"path":"/workspace/config/db-config.js","statementMap":{"0":{"start":{"line":1,"column":22},"end":{"line":1,"column":42}},"1":{"start":{"line":2,"column":27},"end":{"line":2,"column":52}},"2":{"start":{"line":5,"column":18},"end":{"line":15,"column":1}},"3":{"start":{"line":17,"column":18},"end":{"line":20,"column":2}},"4":{"start":{"line":22,"column":22},"end":{"line":30,"column":1}},"5":{"start":{"line":32,"column":0},"end":{"line":34,"column":1}},"6":{"start":{"line":33,"column":4},"end":{"line":33,"column":27}},"7":{"start":{"line":36,"column":0},"end":{"line":36,"column":26}},"8":{"start":{"line":40,"column":0},"end":{"line":40,"column":27}}},"fnMap":{},"branchMap":{"0":{"loc":{"start":{"line":6,"column":10},"end":{"line":6,"column":37}},"type":"binary-expr","locations":[{"start":{"line":6,"column":10},"end":{"line":6,"column":29}},{"start":{"line":6,"column":33},"end":{"line":6,"column":37}}],"line":6},"1":{"loc":{"start":{"line":7,"column":14},"end":{"line":7,"column":43}},"type":"binary-expr","locations":[{"start":{"line":7,"column":14},"end":{"line":7,"column":33}},{"start":{"line":7,"column":37},"end":{"line":7,"column":43}}],"line":7},"2":{"loc":{"start":{"line":8,"column":14},"end":{"line":8,"column":51}},"type":"binary-expr","locations":[{"start":{"line":8,"column":14},"end":{"line":8,"column":37}},{"start":{"line":8,"column":41},"end":{"line":8,"column":51}}],"line":8},"3":{"loc":{"start":{"line":9,"column":14},"end":{"line":9,"column":51}},"type":"binary-expr","locations":[{"start":{"line":9,"column":14},"end":{"line":9,"column":37}},{"start":{"line":9,"column":41},"end":{"line":9,"column":51}}],"line":9}},"s":{"0":6,"1":6,"2":6,"3":6,"4":6,"5":6,"6":42,"7":6,"8":6},"f":{},"b":{"0":[6,6],"1":[6,6],"2":[6,6],"3":[6,6]},"_coverageSchema":"1a1c01bbd47fc00a2c39e90264f33305004495a9","hash":"27c695ff7dc872f9e3ddea0a69f468e471869bce"}
,"/workspace/libs/s3Client.js": {"path":"/workspace/libs/s3Client.js","statementMap":{"0":{"start":{"line":1,"column":21},"end":{"line":1,"column":50}},"1":{"start":{"line":3,"column":15},"end":{"line":3,"column":59}},"2":{"start":{"line":5,"column":17},"end":{"line":5,"column":49}},"3":{"start":{"line":7,"column":0},"end":{"line":7,"column":30}}},"fnMap":{},"branchMap":{"0":{"loc":{"start":{"line":3,"column":15},"end":{"line":3,"column":59}},"type":"binary-expr","locations":[{"start":{"line":3,"column":15},"end":{"line":3,"column":43}},{"start":{"line":3,"column":47},"end":{"line":3,"column":59}}],"line":3}},"s":{"0":3,"1":3,"2":3,"3":3},"f":{},"b":{"0":[3,3]},"_coverageSchema":"1a1c01bbd47fc00a2c39e90264f33305004495a9","hash":"29c844044491b50f468f71d2a1a437e557b404e2"}
,"/workspace/middlewares/admin_op.js": {"path":"/workspace/middlewares/admin_op.js","statementMap":{"0":{"start":{"line":1,"column":0},"end":{"line":7,"column":1}},"1":{"start":{"line":2,"column":4},"end":{"line":6,"column":5}},"2":{"start":{"line":3,"column":8},"end":{"line":3,"column":15}},"3":{"start":{"line":5,"column":8},"end":{"line":5,"column":69}}},"fnMap":{"0":{"name":"(anonymous_0)","decl":{"start":{"line":1,"column":17},"end":{"line":1,"column":18}},"loc":{"start":{"line":1,"column":37},"end":{"line":7,"column":1}},"line":1}},"branchMap":{"0":{"loc":{"start":{"line":2,"column":4},"end":{"line":6,"column":5}},"type":"if","locations":[{"start":{"line":2,"column":4},"end":{"line":6,"column":5}},{"start":{"line":4,"column":11},"end":{"line":6,"column":5}}],"line":2}},"s":{"0":2,"1":4,"2":3,"3":1},"f":{"0":4},"b":{"0":[3,1]},"_coverageSchema":"1a1c01bbd47fc00a2c39e90264f33305004495a9","hash":"03140908301e449273f7401f9e78883f58e94a9a"}
,"/workspace/middlewares/common_query.js": {"path":"/workspace/middlewares/common_query.js","statementMap":{"0":{"start":{"line":1,"column":0},"end":{"line":10,"column":1}},"1":{"start":{"line":2,"column":26},"end":{"line":2,"column":35}},"2":{"start":{"line":4,"column":4},"end":{"line":6,"column":5}},"3":{"start":{"line":5,"column":8},"end":{"line":5,"column":76}},"4":{"start":{"line":8,"column":4},"end":{"line":8,"column":30}},"5":{"start":{"line":9,"column":4},"end":{"line":9,"column":10}}},"fnMap":{"0":{"name":"(anonymous_0)","decl":{"start":{"line":1,"column":17},"end":{"line":1,"column":18}},"loc":{"start":{"line":1,"column":37},"end":{"line":10,"column":1}},"line":1}},"branchMap":{"0":{"loc":{"start":{"line":4,"column":4},"end":{"line":6,"column":5}},"type":"if","locations":[{"start":{"line":4,"column":4},"end":{"line":6,"column":5}},{"start":{},"end":{}}],"line":4}},"s":{"0":2,"1":14,"2":14,"3":5,"4":9,"5":9},"f":{"0":14},"b":{"0":[5,9]},"_coverageSchema":"1a1c01bbd47fc00a2c39e90264f33305004495a9","hash":"70fa52425e7bd328857b8a333b3ac253490fb649"}
,"/workspace/middlewares/formidable_mw.js": {"path":"/workspace/middlewares/formidable_mw.js","statementMap":{"0":{"start":{"line":1,"column":19},"end":{"line":1,"column":40}},"1":{"start":{"line":3,"column":0},"end":{"line":15,"column":1}},"2":{"start":{"line":4,"column":17},"end":{"line":4,"column":49}},"3":{"start":{"line":6,"column":4},"end":{"line":14,"column":6}},"4":{"start":{"line":7,"column":8},"end":{"line":10,"column":9}},"5":{"start":{"line":8,"column":12},"end":{"line":8,"column":22}},"6":{"start":{"line":9,"column":12},"end":{"line":9,"column":19}},"7":{"start":{"line":11,"column":8},"end":{"line":11,"column":28}},"8":{"start":{"line":12,"column":8},"end":{"line":12,"column":26}},"9":{"start":{"line":13,"column":8},"end":{"line":13,"column":15}}},"fnMap":{"0":{"name":"(anonymous_0)","decl":{"start":{"line":3,"column":17},"end":{"line":3,"column":18}},"loc":{"start":{"line":3,"column":37},"end":{"line":15,"column":1}},"line":3},"1":{"name":"(anonymous_1)","decl":{"start":{"line":6,"column":20},"end":{"line":6,"column":21}},"loc":{"start":{"line":6,"column":44},"end":{"line":14,"column":5}},"line":6}},"branchMap":{"0":{"loc":{"start":{"line":7,"column":8},"end":{"line":10,"column":9}},"type":"if","locations":[{"start":{"line":7,"column":8},"end":{"line":10,"column":9}},{"start":{},"end":{}}],"line":7}},"s":{"0":2,"1":2,"2":3,"3":3,"4":3,"5":0,"6":0,"7":3,"8":3,"9":3},"f":{"0":3,"1":3},"b":{"0":[0,3]},"_coverageSchema":"1a1c01bbd47fc00a2c39e90264f33305004495a9","hash":"980c7ce86d5a7f8b380815811c4589fbc4c6a941"}
,"/workspace/middlewares/jwt.js": {"path":"/workspace/middlewares/jwt.js","statementMap":{"0":{"start":{"line":1,"column":21},"end":{"line":1,"column":44}},"1":{"start":{"line":2,"column":15},"end":{"line":2,"column":36}},"2":{"start":{"line":3,"column":22},"end":{"line":3,"column":37}},"3":{"start":{"line":4,"column":12},"end":{"line":4,"column":42}},"4":{"start":{"line":7,"column":2},"end":{"line":7,"column":69}},"5":{"start":{"line":9,"column":22},"end":{"line":17,"column":1}},"6":{"start":{"line":10,"column":15},"end":{"line":14,"column":8}},"7":{"start":{"line":11,"column":16},"end":{"line":11,"column":33}},"8":{"start":{"line":12,"column":4},"end":{"line":12,"column":50}},"9":{"start":{"line":13,"column":4},"end":{"line":13,"column":15}},"10":{"start":{"line":16,"column":2},"end":{"line":16,"column":14}},"11":{"start":{"line":19,"column":23},"end":{"line":19,"column":72}},"12":{"start":{"line":21,"column":0},"end":{"line":65,"column":2}},"13":{"start":{"line":22,"column":16},"end":{"line":22,"column":44}},"14":{"start":{"line":23,"column":24},"end":{"line":23,"column":48}},"15":{"start":{"line":24,"column":2},"end":{"line":26,"column":3}},"16":{"start":{"line":25,"column":4},"end":{"line":25,"column":62}},"17":{"start":{"line":28,"column":21},"end":{"line":28,"column":78}},"18":{"start":{"line":29,"column":17},"end":{"line":29,"column":39}},"19":{"start":{"line":30,"column":15},"end":{"line":30,"column":36}},"20":{"start":{"line":31,"column":14},"end":{"line":31,"column":30}},"21":{"start":{"line":33,"column":2},"end":{"line":35,"column":3}},"22":{"start":{"line":34,"column":4},"end":{"line":34,"column":75}},"23":{"start":{"line":37,"column":2},"end":{"line":41,"column":3}},"24":{"start":{"line":38,"column":4},"end":{"line":38,"column":49}},"25":{"start":{"line":40,"column":4},"end":{"line":40,"column":60}},"26":{"start":{"line":42,"column":25},"end":{"line":42,"column":64}},"27":{"start":{"line":44,"column":2},"end":{"line":46,"column":3}},"28":{"start":{"line":45,"column":4},"end":{"line":45,"column":62}},"29":{"start":{"line":48,"column":2},"end":{"line":50,"column":3}},"30":{"start":{"line":49,"column":4},"end":{"line":49,"column":72}},"31":{"start":{"line":52,"column":2},"end":{"line":57,"column":3}},"32":{"start":{"line":53,"column":4},"end":{"line":53,"column":37}},"33":{"start":{"line":54,"column":4},"end":{"line":54,"column":46}},"34":{"start":{"line":55,"column":4},"end":{"line":55,"column":11}},"35":{"start":{"line":56,"column":4},"end":{"line":56,"column":11}},"36":{"start":{"line":59,"column":2},"end":{"line":61,"column":3}},"37":{"start":{"line":60,"column":4},"end":{"line":60,"column":72}},"38":{"start":{"line":63,"column":2},"end":{"line":63,"column":32}},"39":{"start":{"line":64,"column":2},"end":{"line":64,"column":9}}},"fnMap":{"0":{"name":"(anonymous_0)","decl":{"start":{"line":9,"column":22},"end":{"line":9,"column":23}},"loc":{"start":{"line":9,"column":34},"end":{"line":17,"column":1}},"line":9},"1":{"name":"(anonymous_1)","decl":{"start":{"line":10,"column":31},"end":{"line":10,"column":32}},"loc":{"start":{"line":10,"column":49},"end":{"line":14,"column":3}},"line":10},"2":{"name":"(anonymous_2)","decl":{"start":{"line":21,"column":17},"end":{"line":21,"column":18}},"loc":{"start":{"line":21,"column":43},"end":{"line":65,"column":1}},"line":21}},"branchMap":{"0":{"loc":{"start":{"line":23,"column":25},"end":{"line":23,"column":36}},"type":"binary-expr","locations":[{"start":{"line":23,"column":25},"end":{"line":23,"column":30}},{"start":{"line":23,"column":34},"end":{"line":23,"column":36}}],"line":23},"1":{"loc":{"start":{"line":24,"column":2},"end":{"line":26,"column":3}},"type":"if","locations":[{"start":{"line":24,"column":2},"end":{"line":26,"column":3}},{"start":{},"end":{}}],"line":24},"2":{"loc":{"start":{"line":33,"column":2},"end":{"line":35,"column":3}},"type":"if","locations":[{"start":{"line":33,"column":2},"end":{"line":35,"column":3}},{"start":{},"end":{}}],"line":33},"3":{"loc":{"start":{"line":44,"column":2},"end":{"line":46,"column":3}},"type":"if","locations":[{"start":{"line":44,"column":2},"end":{"line":46,"column":3}},{"start":{},"end":{}}],"line":44},"4":{"loc":{"start":{"line":44,"column":6},"end":{"line":44,"column":68}},"type":"binary-expr","locations":[{"start":{"line":44,"column":6},"end":{"line":44,"column":32}},{"start":{"line":44,"column":36},"end":{"line":44,"column":68}}],"line":44},"5":{"loc":{"start":{"line":48,"column":2},"end":{"line":50,"column":3}},"type":"if","locations":[{"start":{"line":48,"column":2},"end":{"line":50,"column":3}},{"start":{},"end":{}}],"line":48},"6":{"loc":{"start":{"line":52,"column":2},"end":{"line":57,"column":3}},"type":"if","locations":[{"start":{"line":52,"column":2},"end":{"line":57,"column":3}},{"start":{},"end":{}}],"line":52},"7":{"loc":{"start":{"line":52,"column":6},"end":{"line":52,"column":66}},"type":"binary-expr","locations":[{"start":{"line":52,"column":6},"end":{"line":52,"column":30}},{"start":{"line":52,"column":34},"end":{"line":52,"column":66}}],"line":52},"8":{"loc":{"start":{"line":59,"column":2},"end":{"line":61,"column":3}},"type":"if","locations":[{"start":{"line":59,"column":2},"end":{"line":61,"column":3}},{"start":{},"end":{}}],"line":59}},"s":{"0":2,"1":2,"2":2,"3":2,"4":2,"5":2,"6":20,"7":40,"8":40,"9":40,"10":20,"11":2,"12":2,"13":21,"14":21,"15":21,"16":1,"17":20,"18":20,"19":20,"20":20,"21":20,"22":0,"23":20,"24":20,"25":0,"26":20,"27":20,"28":0,"29":20,"30":0,"31":20,"32":3,"33":3,"34":3,"35":3,"36":17,"37":0,"38":17,"39":17},"f":{"0":20,"1":40,"2":21},"b":{"0":[21,1],"1":[1,20],"2":[0,20],"3":[0,20],"4":[20,20],"5":[0,20],"6":[3,17],"7":[20,3],"8":[0,17]},"_coverageSchema":"1a1c01bbd47fc00a2c39e90264f33305004495a9","hash":"cc818660b50d650b51b06a6463c4ad41ce293d42"}
,"/workspace/models/bookings.model.js": {"path":"/workspace/models/bookings.model.js","statementMap":{"0":{"start":{"line":1,"column":22},"end":{"line":1,"column":42}},"1":{"start":{"line":3,"column":0},"end":{"line":23,"column":1}},"2":{"start":{"line":4,"column":4},"end":{"line":22,"column":6}}},"fnMap":{"0":{"name":"(anonymous_0)","decl":{"start":{"line":3,"column":17},"end":{"line":3,"column":18}},"loc":{"start":{"line":3,"column":32},"end":{"line":23,"column":1}},"line":3}},"branchMap":{},"s":{"0":6,"1":6,"2":6},"f":{"0":6},"b":{},"_coverageSchema":"1a1c01bbd47fc00a2c39e90264f33305004495a9","hash":"f3e465a9ed333e5e8c233d364500f57e8a7c6c95"}
,"/workspace/models/centres.model.js": {"path":"/workspace/models/centres.model.js","statementMap":{"0":{"start":{"line":1,"column":22},"end":{"line":1,"column":42}},"1":{"start":{"line":3,"column":0},"end":{"line":23,"column":1}},"2":{"start":{"line":4,"column":4},"end":{"line":22,"column":6}}},"fnMap":{"0":{"name":"(anonymous_0)","decl":{"start":{"line":3,"column":17},"end":{"line":3,"column":18}},"loc":{"start":{"line":3,"column":32},"end":{"line":23,"column":1}},"line":3}},"branchMap":{},"s":{"0":6,"1":6,"2":6},"f":{"0":6},"b":{},"_coverageSchema":"1a1c01bbd47fc00a2c39e90264f33305004495a9","hash":"c51dce357cc8b86f071aff367e463f2071f5fdaa"}
,"/workspace/models/form_types.model.js": {"path":"/workspace/models/form_types.model.js","statementMap":{"0":{"start":{"line":1,"column":22},"end":{"line":1,"column":42}},"1":{"start":{"line":3,"column":0},"end":{"line":14,"column":1}},"2":{"start":{"line":4,"column":4},"end":{"line":13,"column":6}}},"fnMap":{"0":{"name":"(anonymous_0)","decl":{"start":{"line":3,"column":17},"end":{"line":3,"column":18}},"loc":{"start":{"line":3,"column":32},"end":{"line":14,"column":1}},"line":3}},"branchMap":{},"s":{"0":6,"1":6,"2":6},"f":{"0":6},"b":{},"_coverageSchema":"1a1c01bbd47fc00a2c39e90264f33305004495a9","hash":"5de9bc30b5fb0f667f585a25331838492d126657"}
,"/workspace/models/forms.model.js": {"path":"/workspace/models/forms.model.js","statementMap":{"0":{"start":{"line":1,"column":22},"end":{"line":1,"column":42}},"1":{"start":{"line":3,"column":0},"end":{"line":23,"column":1}},"2":{"start":{"line":4,"column":4},"end":{"line":22,"column":6}}},"fnMap":{"0":{"name":"(anonymous_0)","decl":{"start":{"line":3,"column":17},"end":{"line":3,"column":18}},"loc":{"start":{"line":3,"column":32},"end":{"line":23,"column":1}},"line":3}},"branchMap":{},"s":{"0":6,"1":6,"2":6},"f":{"0":6},"b":{},"_coverageSchema":"1a1c01bbd47fc00a2c39e90264f33305004495a9","hash":"6a85874fdcfb494d859c4e5fe72f8122d860128f"}
,"/workspace/models/rooms.model.js": {"path":"/workspace/models/rooms.model.js","statementMap":{"0":{"start":{"line":1,"column":22},"end":{"line":1,"column":42}},"1":{"start":{"line":3,"column":0},"end":{"line":19,"column":1}},"2":{"start":{"line":4,"column":4},"end":{"line":18,"column":6}}},"fnMap":{"0":{"name":"(anonymous_0)","decl":{"start":{"line":3,"column":17},"end":{"line":3,"column":18}},"loc":{"start":{"line":3,"column":32},"end":{"line":19,"column":1}},"line":3}},"branchMap":{},"s":{"0":6,"1":6,"2":6},"f":{"0":6},"b":{},"_coverageSchema":"1a1c01bbd47fc00a2c39e90264f33305004495a9","hash":"059630887ddcbe65d25ebf2ca777bec9f1ee8724"}
,"/workspace/models/social_workers.model.js": {"path":"/workspace/models/social_workers.model.js","statementMap":{"0":{"start":{"line":1,"column":22},"end":{"line":1,"column":42}},"1":{"start":{"line":3,"column":0},"end":{"line":31,"column":1}},"2":{"start":{"line":4,"column":4},"end":{"line":30,"column":6}}},"fnMap":{"0":{"name":"(anonymous_0)","decl":{"start":{"line":3,"column":17},"end":{"line":3,"column":18}},"loc":{"start":{"line":3,"column":32},"end":{"line":31,"column":1}},"line":3}},"branchMap":{},"s":{"0":6,"1":6,"2":6},"f":{"0":6},"b":{},"_coverageSchema":"1a1c01bbd47fc00a2c39e90264f33305004495a9","hash":"d21ea6a5c79cd52a81f837dc9922db8025ed6e47"}
,"/workspace/models/visitors.model.js": {"path":"/workspace/models/visitors.model.js","statementMap":{"0":{"start":{"line":1,"column":22},"end":{"line":1,"column":42}},"1":{"start":{"line":3,"column":0},"end":{"line":26,"column":1}},"2":{"start":{"line":4,"column":4},"end":{"line":25,"column":6}}},"fnMap":{"0":{"name":"(anonymous_0)","decl":{"start":{"line":3,"column":17},"end":{"line":3,"column":18}},"loc":{"start":{"line":3,"column":32},"end":{"line":26,"column":1}},"line":3}},"branchMap":{},"s":{"0":6,"1":6,"2":6},"f":{"0":6},"b":{},"_coverageSchema":"1a1c01bbd47fc00a2c39e90264f33305004495a9","hash":"566b47857f7a944da431264ee101b748dc6c921c"}
,"/workspace/repository/bookings.repository.js": {"path":"/workspace/repository/bookings.repository.js","statementMap":{"0":{"start":{"line":1,"column":19},"end":{"line":1,"column":49}},"1":{"start":{"line":2,"column":11},"end":{"line":2,"column":34}},"2":{"start":{"line":4,"column":20},"end":{"line":18,"column":1}},"3":{"start":{"line":5,"column":17},"end":{"line":15,"column":4}},"4":{"start":{"line":17,"column":2},"end":{"line":17,"column":16}},"5":{"start":{"line":20,"column":26},"end":{"line":34,"column":1}},"6":{"start":{"line":21,"column":25},"end":{"line":21,"column":63}},"7":{"start":{"line":22,"column":28},"end":{"line":22,"column":63}},"8":{"start":{"line":22,"column":54},"end":{"line":22,"column":62}},"9":{"start":{"line":24,"column":18},"end":{"line":31,"column":6}},"10":{"start":{"line":33,"column":4},"end":{"line":33,"column":17}},"11":{"start":{"line":36,"column":19},"end":{"line":43,"column":1}},"12":{"start":{"line":37,"column":19},"end":{"line":41,"column":6}},"13":{"start":{"line":42,"column":4},"end":{"line":42,"column":18}},"14":{"start":{"line":45,"column":0},"end":{"line":49,"column":2}}},"fnMap":{"0":{"name":"(anonymous_0)","decl":{"start":{"line":4,"column":20},"end":{"line":4,"column":21}},"loc":{"start":{"line":4,"column":51},"end":{"line":18,"column":1}},"line":4},"1":{"name":"(anonymous_1)","decl":{"start":{"line":20,"column":26},"end":{"line":20,"column":27}},"loc":{"start":{"line":20,"column":57},"end":{"line":34,"column":1}},"line":20},"2":{"name":"(anonymous_2)","decl":{"start":{"line":22,"column":45},"end":{"line":22,"column":46}},"loc":{"start":{"line":22,"column":54},"end":{"line":22,"column":62}},"line":22},"3":{"name":"(anonymous_3)","decl":{"start":{"line":36,"column":19},"end":{"line":36,"column":20}},"loc":{"start":{"line":36,"column":40},"end":{"line":43,"column":1}},"line":36}},"branchMap":{},"s":{"0":3,"1":3,"2":3,"3":4,"4":4,"5":3,"6":2,"7":2,"8":0,"9":2,"10":2,"11":3,"12":2,"13":2,"14":3},"f":{"0":4,"1":2,"2":0,"3":2},"b":{},"_coverageSchema":"1a1c01bbd47fc00a2c39e90264f33305004495a9","hash":"535891540e3e4573c40dcc8f45cb2a5a8945a901"}
,"/workspace/repository/contacts.repository.js": {"path":"/workspace/repository/contacts.repository.js","statementMap":{"0":{"start":{"line":1,"column":19},"end":{"line":1,"column":49}},"1":{"start":{"line":3,"column":25},"end":{"line":10,"column":1}},"2":{"start":{"line":4,"column":19},"end":{"line":8,"column":6}},"3":{"start":{"line":9,"column":4},"end":{"line":9,"column":18}},"4":{"start":{"line":12,"column":0},"end":{"line":14,"column":1}}},"fnMap":{"0":{"name":"(anonymous_0)","decl":{"start":{"line":3,"column":25},"end":{"line":3,"column":26}},"loc":{"start":{"line":3,"column":46},"end":{"line":10,"column":1}},"line":3}},"branchMap":{},"s":{"0":3,"1":3,"2":2,"3":2,"4":3},"f":{"0":2},"b":{},"_coverageSchema":"1a1c01bbd47fc00a2c39e90264f33305004495a9","hash":"fd47c255cc05e70bf3841dcbb15f423c5df7fd99"}
,"/workspace/repository/forms.repository.js": {"path":"/workspace/repository/forms.repository.js","statementMap":{"0":{"start":{"line":1,"column":29},"end":{"line":1,"column":58}},"1":{"start":{"line":2,"column":21},"end":{"line":2,"column":48}},"2":{"start":{"line":3,"column":11},"end":{"line":3,"column":33}},"3":{"start":{"line":4,"column":18},"end":{"line":4,"column":48}},"4":{"start":{"line":5,"column":15},"end":{"line":5,"column":31}},"5":{"start":{"line":7,"column":19},"end":{"line":15,"column":1}},"6":{"start":{"line":8,"column":20},"end":{"line":12,"column":6}},"7":{"start":{"line":14,"column":4},"end":{"line":14,"column":19}},"8":{"start":{"line":17,"column":23},"end":{"line":31,"column":1}},"9":{"start":{"line":18,"column":17},"end":{"line":18,"column":45}},"10":{"start":{"line":20,"column":19},"end":{"line":20,"column":53}},"11":{"start":{"line":21,"column":19},"end":{"line":25,"column":5}},"12":{"start":{"line":27,"column":20},"end":{"line":27,"column":69}},"13":{"start":{"line":28,"column":4},"end":{"line":28,"column":31}},"14":{"start":{"line":29,"column":21},"end":{"line":29,"column":87}},"15":{"start":{"line":30,"column":4},"end":{"line":30,"column":31}},"16":{"start":{"line":33,"column":21},"end":{"line":44,"column":1}},"17":{"start":{"line":34,"column":20},"end":{"line":39,"column":5}},"18":{"start":{"line":41,"column":4},"end":{"line":41,"column":38}},"19":{"start":{"line":43,"column":4},"end":{"line":43,"column":11}},"20":{"start":{"line":46,"column":17},"end":{"line":49,"column":1}},"21":{"start":{"line":47,"column":18},"end":{"line":47,"column":51}},"22":{"start":{"line":48,"column":4},"end":{"line":48,"column":40}},"23":{"start":{"line":48,"column":29},"end":{"line":48,"column":38}},"24":{"start":{"line":51,"column":0},"end":{"line":56,"column":1}}},"fnMap":{"0":{"name":"(anonymous_0)","decl":{"start":{"line":7,"column":19},"end":{"line":7,"column":20}},"loc":{"start":{"line":7,"column":39},"end":{"line":15,"column":1}},"line":7},"1":{"name":"(anonymous_1)","decl":{"start":{"line":17,"column":23},"end":{"line":17,"column":24}},"loc":{"start":{"line":17,"column":39},"end":{"line":31,"column":1}},"line":17},"2":{"name":"(anonymous_2)","decl":{"start":{"line":33,"column":21},"end":{"line":33,"column":22}},"loc":{"start":{"line":33,"column":68},"end":{"line":44,"column":1}},"line":33},"3":{"name":"(anonymous_3)","decl":{"start":{"line":46,"column":17},"end":{"line":46,"column":18}},"loc":{"start":{"line":46,"column":29},"end":{"line":49,"column":1}},"line":46},"4":{"name":"(anonymous_4)","decl":{"start":{"line":48,"column":21},"end":{"line":48,"column":22}},"loc":{"start":{"line":48,"column":29},"end":{"line":48,"column":38}},"line":48}},"branchMap":{"0":{"loc":{"start":{"line":20,"column":19},"end":{"line":20,"column":53}},"type":"binary-expr","locations":[{"start":{"line":20,"column":19},"end":{"line":20,"column":37}},{"start":{"line":20,"column":41},"end":{"line":20,"column":53}}],"line":20},"1":{"loc":{"start":{"line":22,"column":16},"end":{"line":22,"column":47}},"type":"binary-expr","locations":[{"start":{"line":22,"column":16},"end":{"line":22,"column":34}},{"start":{"line":22,"column":38},"end":{"line":22,"column":47}}],"line":22}},"s":{"0":3,"1":3,"2":3,"3":3,"4":3,"5":3,"6":1,"7":1,"8":3,"9":1,"10":1,"11":1,"12":1,"13":1,"14":1,"15":1,"16":3,"17":1,"18":1,"19":1,"20":3,"21":2,"22":2,"23":2,"24":3},"f":{"0":1,"1":1,"2":1,"3":2,"4":2},"b":{"0":[1,1],"1":[1,1]},"_coverageSchema":"1a1c01bbd47fc00a2c39e90264f33305004495a9","hash":"a714ed1bf096a2ff8ae0f78bca4172459bcd145f"}
,"/workspace/repository/social_workers.repository.js": {"path":"/workspace/repository/social_workers.repository.js","statementMap":{"0":{"start":{"line":1,"column":18},"end":{"line":1,"column":48}},"1":{"start":{"line":2,"column":15},"end":{"line":2,"column":31}},"2":{"start":{"line":4,"column":28},"end":{"line":12,"column":1}},"3":{"start":{"line":5,"column":17},"end":{"line":9,"column":4}},"4":{"start":{"line":11,"column":2},"end":{"line":11,"column":16}},"5":{"start":{"line":14,"column":24},"end":{"line":17,"column":1}},"6":{"start":{"line":15,"column":19},"end":{"line":15,"column":95}},"7":{"start":{"line":16,"column":2},"end":{"line":16,"column":16}},"8":{"start":{"line":19,"column":0},"end":{"line":22,"column":2}}},"fnMap":{"0":{"name":"(anonymous_0)","decl":{"start":{"line":4,"column":28},"end":{"line":4,"column":29}},"loc":{"start":{"line":4,"column":49},"end":{"line":12,"column":1}},"line":4},"1":{"name":"(anonymous_1)","decl":{"start":{"line":14,"column":24},"end":{"line":14,"column":25}},"loc":{"start":{"line":14,"column":60},"end":{"line":17,"column":1}},"line":14}},"branchMap":{},"s":{"0":3,"1":3,"2":3,"3":2,"4":2,"5":3,"6":2,"7":2,"8":3},"f":{"0":2,"1":2},"b":{},"_coverageSchema":"1a1c01bbd47fc00a2c39e90264f33305004495a9","hash":"2f9c1d06cbf0fb2def025522f6f863fd71a3d14d"}
,"/workspace/routes/bookings.router.js": {"path":"/workspace/routes/bookings.router.js","statementMap":{"0":{"start":{"line":1,"column":16},"end":{"line":1,"column":34}},"1":{"start":{"line":2,"column":22},"end":{"line":2,"column":66}},"2":{"start":{"line":3,"column":21},"end":{"line":3,"column":59}},"3":{"start":{"line":4,"column":15},"end":{"line":4,"column":31}},"4":{"start":{"line":6,"column":0},"end":{"line":6,"column":25}},"5":{"start":{"line":8,"column":0},"end":{"line":17,"column":6}},"6":{"start":{"line":10,"column":29},"end":{"line":10,"column":38}},"7":{"start":{"line":12,"column":8},"end":{"line":14,"column":9}},"8":{"start":{"line":13,"column":12},"end":{"line":13,"column":82}},"9":{"start":{"line":15,"column":25},"end":{"line":15,"column":81}},"10":{"start":{"line":16,"column":8},"end":{"line":16,"column":38}},"11":{"start":{"line":19,"column":0},"end":{"line":28,"column":2}},"12":{"start":{"line":20,"column":25},"end":{"line":20,"column":34}},"13":{"start":{"line":22,"column":4},"end":{"line":24,"column":5}},"14":{"start":{"line":23,"column":8},"end":{"line":23,"column":77}},"15":{"start":{"line":26,"column":28},"end":{"line":26,"column":90}},"16":{"start":{"line":27,"column":4},"end":{"line":27,"column":41}},"17":{"start":{"line":30,"column":0},"end":{"line":35,"column":2}},"18":{"start":{"line":31,"column":24},"end":{"line":31,"column":69}},"19":{"start":{"line":32,"column":4},"end":{"line":34,"column":6}},"20":{"start":{"line":37,"column":0},"end":{"line":37,"column":24}}},"fnMap":{"0":{"name":"(anonymous_0)","decl":{"start":{"line":9,"column":9},"end":{"line":9,"column":10}},"loc":{"start":{"line":9,"column":29},"end":{"line":17,"column":5}},"line":9},"1":{"name":"(anonymous_1)","decl":{"start":{"line":19,"column":31},"end":{"line":19,"column":32}},"loc":{"start":{"line":19,"column":51},"end":{"line":28,"column":1}},"line":19},"2":{"name":"(anonymous_2)","decl":{"start":{"line":30,"column":27},"end":{"line":30,"column":28}},"loc":{"start":{"line":30,"column":47},"end":{"line":35,"column":1}},"line":30}},"branchMap":{"0":{"loc":{"start":{"line":12,"column":8},"end":{"line":14,"column":9}},"type":"if","locations":[{"start":{"line":12,"column":8},"end":{"line":14,"column":9}},{"start":{},"end":{}}],"line":12},"1":{"loc":{"start":{"line":12,"column":12},"end":{"line":12,"column":24}},"type":"binary-expr","locations":[{"start":{"line":12,"column":12},"end":{"line":12,"column":17}},{"start":{"line":12,"column":21},"end":{"line":12,"column":24}}],"line":12},"2":{"loc":{"start":{"line":22,"column":4},"end":{"line":24,"column":5}},"type":"if","locations":[{"start":{"line":22,"column":4},"end":{"line":24,"column":5}},{"start":{},"end":{}}],"line":22},"3":{"loc":{"start":{"line":22,"column":8},"end":{"line":22,"column":20}},"type":"binary-expr","locations":[{"start":{"line":22,"column":8},"end":{"line":22,"column":13}},{"start":{"line":22,"column":17},"end":{"line":22,"column":20}}],"line":22}},"s":{"0":2,"1":2,"2":2,"3":2,"4":2,"5":2,"6":2,"7":2,"8":1,"9":1,"10":1,"11":2,"12":2,"13":2,"14":1,"15":1,"16":1,"17":2,"18":1,"19":1,"20":2},"f":{"0":2,"1":2,"2":1},"b":{"0":[1,1],"1":[2,1],"2":[1,1],"3":[2,1]},"_coverageSchema":"1a1c01bbd47fc00a2c39e90264f33305004495a9","hash":"c53fef78edd3175ee3b27a027477227d246ce494"}
,"/workspace/routes/contacts.router.js": {"path":"/workspace/routes/contacts.router.js","statementMap":{"0":{"start":{"line":1,"column":16},"end":{"line":1,"column":34}},"1":{"start":{"line":2,"column":22},"end":{"line":2,"column":66}},"2":{"start":{"line":3,"column":21},"end":{"line":3,"column":59}},"3":{"start":{"line":5,"column":15},"end":{"line":5,"column":31}},"4":{"start":{"line":7,"column":0},"end":{"line":7,"column":25}},"5":{"start":{"line":9,"column":0},"end":{"line":12,"column":2}},"6":{"start":{"line":10,"column":27},"end":{"line":10,"column":78}},"7":{"start":{"line":11,"column":4},"end":{"line":11,"column":40}},"8":{"start":{"line":14,"column":0},"end":{"line":14,"column":24}}},"fnMap":{"0":{"name":"(anonymous_0)","decl":{"start":{"line":9,"column":16},"end":{"line":9,"column":17}},"loc":{"start":{"line":9,"column":36},"end":{"line":12,"column":1}},"line":9}},"branchMap":{},"s":{"0":2,"1":2,"2":2,"3":2,"4":2,"5":2,"6":1,"7":1,"8":2},"f":{"0":1},"b":{},"_coverageSchema":"1a1c01bbd47fc00a2c39e90264f33305004495a9","hash":"63180041583e407393844b5a707183af6fff86b6"}
,"/workspace/routes/forms.router.js": {"path":"/workspace/routes/forms.router.js","statementMap":{"0":{"start":{"line":1,"column":16},"end":{"line":1,"column":34}},"1":{"start":{"line":2,"column":19},"end":{"line":2,"column":60}},"2":{"start":{"line":3,"column":19},"end":{"line":3,"column":58}},"3":{"start":{"line":4,"column":15},"end":{"line":4,"column":31}},"4":{"start":{"line":6,"column":0},"end":{"line":6,"column":23}},"5":{"start":{"line":8,"column":0},"end":{"line":20,"column":6}},"6":{"start":{"line":10,"column":28},"end":{"line":10,"column":69}},"7":{"start":{"line":11,"column":8},"end":{"line":11,"column":42}},"8":{"start":{"line":14,"column":36},"end":{"line":14,"column":46}},"9":{"start":{"line":15,"column":21},"end":{"line":15,"column":35}},"10":{"start":{"line":16,"column":25},"end":{"line":16,"column":62}},"11":{"start":{"line":17,"column":8},"end":{"line":17,"column":30}},"12":{"start":{"line":18,"column":8},"end":{"line":18,"column":79}},"13":{"start":{"line":19,"column":8},"end":{"line":19,"column":30}},"14":{"start":{"line":23,"column":0},"end":{"line":26,"column":2}},"15":{"start":{"line":24,"column":18},"end":{"line":24,"column":45}},"16":{"start":{"line":25,"column":4},"end":{"line":25,"column":32}},"17":{"start":{"line":28,"column":0},"end":{"line":28,"column":24}}},"fnMap":{"0":{"name":"(anonymous_0)","decl":{"start":{"line":9,"column":9},"end":{"line":9,"column":10}},"loc":{"start":{"line":9,"column":29},"end":{"line":12,"column":5}},"line":9},"1":{"name":"(anonymous_1)","decl":{"start":{"line":13,"column":10},"end":{"line":13,"column":11}},"loc":{"start":{"line":13,"column":30},"end":{"line":20,"column":5}},"line":13},"2":{"name":"(anonymous_2)","decl":{"start":{"line":23,"column":21},"end":{"line":23,"column":22}},"loc":{"start":{"line":23,"column":41},"end":{"line":26,"column":1}},"line":23}},"branchMap":{},"s":{"0":2,"1":2,"2":2,"3":2,"4":2,"5":2,"6":1,"7":1,"8":1,"9":1,"10":1,"11":1,"12":1,"13":1,"14":2,"15":1,"16":1,"17":2},"f":{"0":1,"1":1,"2":1},"b":{},"_coverageSchema":"1a1c01bbd47fc00a2c39e90264f33305004495a9","hash":"e6b9250adc52538d482ef819fae2c0e03dfe6b78"}
,"/workspace/routes/social_workers.router.js": {"path":"/workspace/routes/social_workers.router.js","statementMap":{"0":{"start":{"line":1,"column":16},"end":{"line":1,"column":34}},"1":{"start":{"line":2,"column":28},"end":{"line":2,"column":78}},"2":{"start":{"line":3,"column":21},"end":{"line":3,"column":59}},"3":{"start":{"line":4,"column":17},"end":{"line":4,"column":51}},"4":{"start":{"line":5,"column":15},"end":{"line":5,"column":31}},"5":{"start":{"line":7,"column":0},"end":{"line":7,"column":25}},"6":{"start":{"line":9,"column":0},"end":{"line":36,"column":6}},"7":{"start":{"line":11,"column":31},"end":{"line":11,"column":91}},"8":{"start":{"line":12,"column":8},"end":{"line":12,"column":44}},"9":{"start":{"line":20,"column":12},"end":{"line":20,"column":20}},"10":{"start":{"line":22,"column":8},"end":{"line":26,"column":9}},"11":{"start":{"line":25,"column":12},"end":{"line":25,"column":112}},"12":{"start":{"line":28,"column":23},"end":{"line":33,"column":10}},"13":{"start":{"line":35,"column":8},"end":{"line":35,"column":87}},"14":{"start":{"line":38,"column":0},"end":{"line":38,"column":24}}},"fnMap":{"0":{"name":"(anonymous_0)","decl":{"start":{"line":10,"column":9},"end":{"line":10,"column":10}},"loc":{"start":{"line":10,"column":29},"end":{"line":13,"column":5}},"line":10},"1":{"name":"(anonymous_1)","decl":{"start":{"line":14,"column":20},"end":{"line":14,"column":21}},"loc":{"start":{"line":14,"column":40},"end":{"line":36,"column":5}},"line":14}},"branchMap":{"0":{"loc":{"start":{"line":22,"column":8},"end":{"line":26,"column":9}},"type":"if","locations":[{"start":{"line":22,"column":8},"end":{"line":26,"column":9}},{"start":{},"end":{}}],"line":22},"1":{"loc":{"start":{"line":23,"column":12},"end":{"line":23,"column":60}},"type":"binary-expr","locations":[{"start":{"line":23,"column":12},"end":{"line":23,"column":17}},{"start":{"line":23,"column":21},"end":{"line":23,"column":33}},{"start":{"line":23,"column":37},"end":{"line":23,"column":48}},{"start":{"line":23,"column":52},"end":{"line":23,"column":60}}],"line":23}},"s":{"0":2,"1":2,"2":2,"3":2,"4":2,"5":2,"6":2,"7":1,"8":1,"9":2,"10":2,"11":1,"12":1,"13":1,"14":2},"f":{"0":1,"1":2},"b":{"0":[1,1],"1":[2,1,1,1]},"_coverageSchema":"1a1c01bbd47fc00a2c39e90264f33305004495a9","hash":"79c99ad82af2fce590af39df89c63ebbc0722540"}
,"/workspace/routes/users.router.js": {"path":"/workspace/routes/users.router.js","statementMap":{"0":{"start":{"line":1,"column":16},"end":{"line":1,"column":34}},"1":{"start":{"line":2,"column":17},"end":{"line":2,"column":51}},"2":{"start":{"line":3,"column":15},"end":{"line":3,"column":31}},"3":{"start":{"line":5,"column":0},"end":{"line":5,"column":21}},"4":{"start":{"line":7,"column":0},"end":{"line":9,"column":2}},"5":{"start":{"line":8,"column":4},"end":{"line":8,"column":99}},"6":{"start":{"line":11,"column":0},"end":{"line":11,"column":24}}},"fnMap":{"0":{"name":"(anonymous_0)","decl":{"start":{"line":7,"column":29},"end":{"line":7,"column":30}},"loc":{"start":{"line":7,"column":43},"end":{"line":9,"column":1}},"line":7}},"branchMap":{},"s":{"0":2,"1":2,"2":2,"3":2,"4":2,"5":1,"6":2},"f":{"0":1},"b":{},"_coverageSchema":"1a1c01bbd47fc00a2c39e90264f33305004495a9","hash":"a21e416691d9fa3473b127e9f215b834135d326c"}
,"/workspace/routes/visitors.router.js": {"path":"/workspace/routes/visitors.router.js","statementMap":{"0":{"start":{"line":1,"column":16},"end":{"line":1,"column":34}},"1":{"start":{"line":2,"column":15},"end":{"line":2,"column":31}},"2":{"start":{"line":4,"column":0},"end":{"line":10,"column":2}},"3":{"start":{"line":5,"column":21},"end":{"line":7,"column":5}},"4":{"start":{"line":9,"column":4},"end":{"line":9,"column":35}},"5":{"start":{"line":12,"column":0},"end":{"line":12,"column":24}}},"fnMap":{"0":{"name":"(anonymous_0)","decl":{"start":{"line":4,"column":29},"end":{"line":4,"column":30}},"loc":{"start":{"line":4,"column":43},"end":{"line":10,"column":1}},"line":4}},"branchMap":{},"s":{"0":2,"1":2,"2":2,"3":1,"4":1,"5":2},"f":{"0":1},"b":{},"_coverageSchema":"1a1c01bbd47fc00a2c39e90264f33305004495a9","hash":"6fa9f43431b32e8e1ff5a6febee2cabed3497bc5"}
}
