TN:
SF:app.js
FNF:0
FNH:0
DA:1,2
DA:2,2
DA:4,2
DA:5,2
DA:6,2
DA:7,2
DA:8,2
DA:9,2
DA:11,2
DA:13,2
DA:14,2
DA:15,2
DA:16,2
DA:17,2
DA:18,2
DA:19,2
DA:20,2
DA:22,2
LF:18
LH:18
BRF:0
BRH:0
end_of_record
TN:
SF:config/associations.js
FN:1,(anonymous_0)
FNF:1
FNH:1
FNDA:6,(anonymous_0)
DA:1,6
DA:10,6
DA:12,6
DA:20,6
DA:28,6
DA:36,6
DA:44,6
DA:52,6
DA:60,6
DA:70,6
LF:10
LH:10
BRF:0
BRH:0
end_of_record
TN:
SF:config/db-config.js
FNF:0
FNH:0
DA:1,6
DA:2,6
DA:5,6
DA:17,6
DA:22,6
DA:32,6
DA:33,42
DA:36,6
DA:40,6
LF:9
LH:9
BRDA:6,0,0,6
BRDA:6,0,1,6
BRDA:7,1,0,6
BRDA:7,1,1,6
BRDA:8,2,0,6
BRDA:8,2,1,6
BRDA:9,3,0,6
BRDA:9,3,1,6
BRF:8
BRH:8
end_of_record
TN:
SF:libs/s3Client.js
FNF:0
FNH:0
DA:1,3
DA:3,3
DA:5,3
DA:7,3
LF:4
LH:4
BRDA:3,0,0,3
BRDA:3,0,1,3
BRF:2
BRH:2
end_of_record
TN:
SF:middlewares/admin_op.js
FN:1,(anonymous_0)
FNF:1
FNH:1
FNDA:4,(anonymous_0)
DA:1,2
DA:2,4
DA:3,3
DA:5,1
LF:4
LH:4
BRDA:2,0,0,3
BRDA:2,0,1,1
BRF:2
BRH:2
end_of_record
TN:
SF:middlewares/common_query.js
FN:1,(anonymous_0)
FNF:1
FNH:1
FNDA:14,(anonymous_0)
DA:1,2
DA:2,14
DA:4,14
DA:5,5
DA:8,9
DA:9,9
LF:6
LH:6
BRDA:4,0,0,5
BRDA:4,0,1,9
BRF:2
BRH:2
end_of_record
TN:
SF:middlewares/formidable_mw.js
FN:3,(anonymous_0)
FN:6,(anonymous_1)
FNF:2
FNH:2
FNDA:3,(anonymous_0)
FNDA:3,(anonymous_1)
DA:1,2
DA:3,2
DA:4,3
DA:6,3
DA:7,3
DA:8,0
DA:9,0
DA:11,3
DA:12,3
DA:13,3
LF:10
LH:8
BRDA:7,0,0,0
BRDA:7,0,1,3
BRF:2
BRH:1
end_of_record
TN:
SF:middlewares/jwt.js
FN:9,(anonymous_0)
FN:10,(anonymous_1)
FN:21,(anonymous_2)
FNF:3
FNH:3
FNDA:20,(anonymous_0)
FNDA:40,(anonymous_1)
FNDA:21,(anonymous_2)
DA:1,2
DA:2,2
DA:3,2
DA:4,2
DA:7,2
DA:9,2
DA:10,20
DA:11,40
DA:12,40
DA:13,40
DA:16,20
DA:19,2
DA:21,2
DA:22,21
DA:23,21
DA:24,21
DA:25,1
DA:28,20
DA:29,20
DA:30,20
DA:31,20
DA:33,20
DA:34,0
DA:37,20
DA:38,20
DA:40,0
DA:42,20
DA:44,20
DA:45,0
DA:48,20
DA:49,0
DA:52,20
DA:53,3
DA:54,3
DA:55,3
DA:56,3
DA:59,17
DA:60,0
DA:63,17
DA:64,17
LF:40
LH:35
BRDA:23,0,0,21
BRDA:23,0,1,1
BRDA:24,1,0,1
BRDA:24,1,1,20
BRDA:33,2,0,0
BRDA:33,2,1,20
BRDA:44,3,0,0
BRDA:44,3,1,20
BRDA:44,4,0,20
BRDA:44,4,1,20
BRDA:48,5,0,0
BRDA:48,5,1,20
BRDA:52,6,0,3
BRDA:52,6,1,17
BRDA:52,7,0,20
BRDA:52,7,1,3
BRDA:59,8,0,0
BRDA:59,8,1,17
BRF:18
BRH:14
end_of_record
TN:
SF:models/bookings.model.js
FN:3,(anonymous_0)
FNF:1
FNH:1
FNDA:6,(anonymous_0)
DA:1,6
DA:3,6
DA:4,6
LF:3
LH:3
BRF:0
BRH:0
end_of_record
TN:
SF:models/centres.model.js
FN:3,(anonymous_0)
FNF:1
FNH:1
FNDA:6,(anonymous_0)
DA:1,6
DA:3,6
DA:4,6
LF:3
LH:3
BRF:0
BRH:0
end_of_record
TN:
SF:models/form_types.model.js
FN:3,(anonymous_0)
FNF:1
FNH:1
FNDA:6,(anonymous_0)
DA:1,6
DA:3,6
DA:4,6
LF:3
LH:3
BRF:0
BRH:0
end_of_record
TN:
SF:models/forms.model.js
FN:3,(anonymous_0)
FNF:1
FNH:1
FNDA:6,(anonymous_0)
DA:1,6
DA:3,6
DA:4,6
LF:3
LH:3
BRF:0
BRH:0
end_of_record
TN:
SF:models/rooms.model.js
FN:3,(anonymous_0)
FNF:1
FNH:1
FNDA:6,(anonymous_0)
DA:1,6
DA:3,6
DA:4,6
LF:3
LH:3
BRF:0
BRH:0
end_of_record
TN:
SF:models/social_workers.model.js
FN:3,(anonymous_0)
FNF:1
FNH:1
FNDA:6,(anonymous_0)
DA:1,6
DA:3,6
DA:4,6
LF:3
LH:3
BRF:0
BRH:0
end_of_record
TN:
SF:models/visitors.model.js
FN:3,(anonymous_0)
FNF:1
FNH:1
FNDA:6,(anonymous_0)
DA:1,6
DA:3,6
DA:4,6
LF:3
LH:3
BRF:0
BRH:0
end_of_record
TN:
SF:repository/bookings.repository.js
FN:4,(anonymous_0)
FN:20,(anonymous_1)
FN:22,(anonymous_2)
FN:36,(anonymous_3)
FNF:4
FNH:3
FNDA:4,(anonymous_0)
FNDA:2,(anonymous_1)
FNDA:0,(anonymous_2)
FNDA:2,(anonymous_3)
DA:1,3
DA:2,3
DA:4,3
DA:5,4
DA:17,4
DA:20,3
DA:21,2
DA:22,2
DA:24,2
DA:33,2
DA:36,3
DA:37,2
DA:42,2
DA:45,3
LF:14
LH:14
BRF:0
BRH:0
end_of_record
TN:
SF:repository/contacts.repository.js
FN:3,(anonymous_0)
FNF:1
FNH:1
FNDA:2,(anonymous_0)
DA:1,3
DA:3,3
DA:4,2
DA:9,2
DA:12,3
LF:5
LH:5
BRF:0
BRH:0
end_of_record
TN:
SF:repository/forms.repository.js
FN:7,(anonymous_0)
FN:17,(anonymous_1)
FN:33,(anonymous_2)
FN:46,(anonymous_3)
FN:48,(anonymous_4)
FNF:5
FNH:5
FNDA:1,(anonymous_0)
FNDA:1,(anonymous_1)
FNDA:1,(anonymous_2)
FNDA:2,(anonymous_3)
FNDA:2,(anonymous_4)
DA:1,3
DA:2,3
DA:3,3
DA:4,3
DA:5,3
DA:7,3
DA:8,1
DA:14,1
DA:17,3
DA:18,1
DA:20,1
DA:21,1
DA:27,1
DA:28,1
DA:29,1
DA:30,1
DA:33,3
DA:34,1
DA:41,1
DA:43,1
DA:46,3
DA:47,2
DA:48,2
DA:51,3
LF:24
LH:24
BRDA:20,0,0,1
BRDA:20,0,1,1
BRDA:22,1,0,1
BRDA:22,1,1,1
BRF:4
BRH:4
end_of_record
TN:
SF:repository/social_workers.repository.js
FN:4,(anonymous_0)
FN:14,(anonymous_1)
FNF:2
FNH:2
FNDA:2,(anonymous_0)
FNDA:2,(anonymous_1)
DA:1,3
DA:2,3
DA:4,3
DA:5,2
DA:11,2
DA:14,3
DA:15,2
DA:16,2
DA:19,3
LF:9
LH:9
BRF:0
BRH:0
end_of_record
TN:
SF:routes/bookings.router.js
FN:9,(anonymous_0)
FN:19,(anonymous_1)
FN:30,(anonymous_2)
FNF:3
FNH:3
FNDA:2,(anonymous_0)
FNDA:2,(anonymous_1)
FNDA:1,(anonymous_2)
DA:1,2
DA:2,2
DA:3,2
DA:4,2
DA:6,2
DA:8,2
DA:10,2
DA:12,2
DA:13,1
DA:15,1
DA:16,1
DA:19,2
DA:20,2
DA:22,2
DA:23,1
DA:26,1
DA:27,1
DA:30,2
DA:31,1
DA:32,1
DA:37,2
LF:21
LH:21
BRDA:12,0,0,1
BRDA:12,0,1,1
BRDA:12,1,0,2
BRDA:12,1,1,1
BRDA:22,2,0,1
BRDA:22,2,1,1
BRDA:22,3,0,2
BRDA:22,3,1,1
BRF:8
BRH:8
end_of_record
TN:
SF:routes/contacts.router.js
FN:9,(anonymous_0)
FNF:1
FNH:1
FNDA:1,(anonymous_0)
DA:1,2
DA:2,2
DA:3,2
DA:5,2
DA:7,2
DA:9,2
DA:10,1
DA:11,1
DA:14,2
LF:9
LH:9
BRF:0
BRH:0
end_of_record
TN:
SF:routes/forms.router.js
FN:9,(anonymous_0)
FN:13,(anonymous_1)
FN:23,(anonymous_2)
FNF:3
FNH:3
FNDA:1,(anonymous_0)
FNDA:1,(anonymous_1)
FNDA:1,(anonymous_2)
DA:1,2
DA:2,2
DA:3,2
DA:4,2
DA:6,2
DA:8,2
DA:10,1
DA:11,1
DA:14,1
DA:15,1
DA:16,1
DA:17,1
DA:18,1
DA:19,1
DA:23,2
DA:24,1
DA:25,1
DA:28,2
LF:18
LH:18
BRF:0
BRH:0
end_of_record
TN:
SF:routes/social_workers.router.js
FN:10,(anonymous_0)
FN:14,(anonymous_1)
FNF:2
FNH:2
FNDA:1,(anonymous_0)
FNDA:2,(anonymous_1)
DA:1,2
DA:2,2
DA:3,2
DA:4,2
DA:5,2
DA:7,2
DA:9,2
DA:11,1
DA:12,1
DA:20,2
DA:22,2
DA:25,1
DA:28,1
DA:35,1
DA:38,2
LF:15
LH:15
BRDA:22,0,0,1
BRDA:22,0,1,1
BRDA:23,1,0,2
BRDA:23,1,1,1
BRDA:23,1,2,1
BRDA:23,1,3,1
BRF:6
BRH:6
end_of_record
TN:
SF:routes/users.router.js
FN:7,(anonymous_0)
FNF:1
FNH:1
FNDA:1,(anonymous_0)
DA:1,2
DA:2,2
DA:3,2
DA:5,2
DA:7,2
DA:8,1
DA:11,2
LF:7
LH:7
BRF:0
BRH:0
end_of_record
TN:
SF:routes/visitors.router.js
FN:4,(anonymous_0)
FNF:1
FNH:1
FNDA:1,(anonymous_0)
DA:1,2
DA:2,2
DA:4,2
DA:5,1
DA:9,1
DA:12,2
LF:6
LH:6
BRF:0
BRH:0
end_of_record
